\BOOKMARK [1][-]{section.1}{\376\377\000V\000e\000c\000t\000o\000r\000s}{}% 1
\BOOKMARK [2][-]{subsection.1.1}{\376\377\000S\000i\000d\000e\000s}{section.1}% 2
\BOOKMARK [2][-]{subsection.1.2}{\376\377\000M\000e\000d\000i\000a\000n}{section.1}% 3
\BOOKMARK [2][-]{subsection.1.3}{\376\377\000A\000l\000t\000i\000t\000u\000d\000e}{section.1}% 4
\BOOKMARK [2][-]{subsection.1.4}{\376\377\000P\000e\000r\000p\000e\000n\000d\000i\000c\000u\000l\000a\000r\000\040\000B\000i\000s\000e\000c\000t\000o\000r}{section.1}% 5
\BOOKMARK [2][-]{subsection.1.5}{\376\377\000A\000n\000g\000l\000e\000\040\000B\000i\000s\000e\000c\000t\000o\000r}{section.1}% 6
\BOOKMARK [2][-]{subsection.1.6}{\376\377\000E\000i\000g\000e\000n\000v\000a\000l\000u\000e\000s\000\040\000a\000n\000d\000\040\000E\000i\000g\000e\000n\000v\000e\000c\000t\000o\000r\000s}{section.1}% 7
\BOOKMARK [2][-]{subsection.1.7}{\376\377\000A\000d\000d\000i\000t\000i\000o\000n\000\040\000a\000n\000d\000\040\000S\000u\000b\000t\000r\000a\000c\000t\000i\000o\000n}{section.1}% 8
\BOOKMARK [2][-]{subsection.1.8}{\376\377\000S\000e\000c\000t\000i\000o\000n\000\040\000F\000o\000r\000m\000u\000l\000a}{section.1}% 9
\BOOKMARK [2][-]{subsection.1.9}{\376\377\000R\000a\000n\000k}{section.1}% 10
\BOOKMARK [2][-]{subsection.1.10}{\376\377\000L\000e\000n\000g\000t\000h}{section.1}% 11
\BOOKMARK [2][-]{subsection.1.11}{\376\377\000D\000i\000r\000e\000c\000t\000i\000o\000n}{section.1}% 12
\BOOKMARK [2][-]{subsection.1.12}{\376\377\000S\000c\000a\000l\000a\000r\000\040\000P\000r\000o\000d\000u\000c\000t}{section.1}% 13
\BOOKMARK [2][-]{subsection.1.13}{\376\377\000O\000r\000t\000h\000o\000g\000o\000n\000a\000l\000i\000t\000y}{section.1}% 14
\BOOKMARK [2][-]{subsection.1.14}{\376\377\000V\000e\000c\000t\000o\000r\000\040\000P\000r\000o\000d\000u\000c\000t}{section.1}% 15
\BOOKMARK [2][-]{subsection.1.15}{\376\377\000M\000i\000s\000c\000e\000l\000l\000a\000n\000e\000o\000u\000s}{section.1}% 16
\BOOKMARK [2][-]{subsection.1.16}{\376\377\000T\000r\000i\000a\000n\000g\000l\000e}{section.1}% 17
\BOOKMARK [1][-]{section.2}{\376\377\000M\000a\000t\000r\000i\000c\000e\000s}{}% 18
\BOOKMARK [2][-]{subsection.2.1}{\376\377\000V\000e\000c\000t\000o\000r\000s}{section.2}% 19
\BOOKMARK [2][-]{subsection.2.2}{\376\377\000M\000e\000d\000i\000a\000n}{section.2}% 20
\BOOKMARK [2][-]{subsection.2.3}{\376\377\000A\000l\000t\000i\000t\000u\000d\000e}{section.2}% 21
\BOOKMARK [2][-]{subsection.2.4}{\376\377\000P\000e\000r\000p\000e\000n\000d\000i\000c\000u\000l\000a\000r\000\040\000B\000i\000s\000e\000c\000t\000o\000r}{section.2}% 22
\BOOKMARK [2][-]{subsection.2.5}{\376\377\000A\000n\000g\000l\000e\000\040\000B\000i\000s\000e\000c\000t\000o\000r}{section.2}% 23
\BOOKMARK [1][-]{section.3}{\376\377\000L\000i\000n\000e\000a\000r\000\040\000F\000o\000r\000m\000s}{}% 24
\BOOKMARK [2][-]{subsection.3.1}{\376\377\000E\000q\000u\000a\000t\000i\000o\000n\000\040\000o\000f\000\040\000a\000\040\000L\000i\000n\000e}{section.3}% 25
\BOOKMARK [1][-]{section*.53}{\376\377\000A\000p\000p\000e\000n\000d\000i\000x\000\040\000A\000:\000\040\000P\000o\000i\000n\000t\000s\000\040\000o\000n\000\040\000a\000\040\000L\000i\000n\000e}{}% 26
\BOOKMARK [1][-]{section*.54}{\376\377\000A\000p\000p\000e\000n\000d\000i\000x\000\040\000B\000:\000\040\000T\000a\000n\000g\000e\000n\000t\000s\000\040\000t\000o\000\040\000a\000\040\000C\000i\000r\000c\000l\000e}{}% 27
\BOOKMARK [1][-]{section*.55}{\376\377\000A\000p\000p\000e\000n\000d\000i\000x\000\040\000C\000:\000\040\000M\000a\000t\000r\000i\000c\000e\000s}{}% 28
\BOOKMARK [1][-]{section*.56}{\376\377\000A\000p\000p\000e\000n\000d\000i\000x\000\040\000D\000:\000\040\0002\0001\000\040\000v\000e\000c\000t\000o\000r\000s}{}% 29
