This is pdfTeX, Version 3.141592653-2.6-1.40.26 (TeX Live 2024/Termux) (preloaded format=pdflatex 2024.4.5)  18 JUN 2024 06:37
entering extended mode
 restricted \write18 enabled.
 %&-line parsing enabled.
**main.tex
(./main.tex
LaTeX2e <2023-11-01> patch level 1
L3 programming layer <2024-03-14>

(/data/data/com.termux/files/usr/share/texlive/2024/texmf-dist/tex/latex/beamer
/beamer.cls
Document Class: beamer 2024/01/06 v3.71 A class for typesetting presentations

(/data/data/com.termux/files/usr/share/texlive/2024/texmf-dist/tex/latex/beamer
/beamerbasemodes.sty
(/data/data/com.termux/files/usr/share/texlive/2024/texmf-dist/tex/latex/etoolb
ox/etoolbox.sty
Package: etoolbox 2020/10/05 v2.5k e-TeX tools for LaTeX (JAW)
\etb@tempcnta=\count188
)
\beamer@tempbox=\box51
\beamer@tempcount=\count189
\c@beamerpauses=\count190

(/data/data/com.termux/files/usr/share/texlive/2024/texmf-dist/tex/latex/beamer
/beamerbasedecode.sty
\beamer@slideinframe=\count191
\beamer@minimum=\count192
\beamer@decode@box=\box52
)
\beamer@commentbox=\box53
\beamer@modecount=\count193
)
(/data/data/com.termux/files/usr/share/texlive/2024/texmf-dist/tex/generic/ifte
x/iftex.sty
Package: iftex 2022/02/03 v1.0f TeX engine tests
)
\headdp=\dimen140
\footheight=\dimen141
\sidebarheight=\dimen142
\beamer@tempdim=\dimen143
\beamer@finalheight=\dimen144
\beamer@animht=\dimen145
\beamer@animdp=\dimen146
\beamer@animwd=\dimen147
\beamer@leftmargin=\dimen148
\beamer@rightmargin=\dimen149
\beamer@leftsidebar=\dimen150
\beamer@rightsidebar=\dimen151
\beamer@boxsize=\dimen152
\beamer@vboxoffset=\dimen153
\beamer@descdefault=\dimen154
\beamer@descriptionwidth=\dimen155
\beamer@lastskip=\skip48
\beamer@areabox=\box54
\beamer@animcurrent=\box55
\beamer@animshowbox=\box56
\beamer@sectionbox=\box57
\beamer@logobox=\box58
\beamer@linebox=\box59
\beamer@sectioncount=\count194
\beamer@subsubsectionmax=\count195
\beamer@subsectionmax=\count196
\beamer@sectionmax=\count197
\beamer@totalheads=\count198
\beamer@headcounter=\count199
\beamer@partstartpage=\count266
\beamer@sectionstartpage=\count267
\beamer@subsectionstartpage=\count268
\beamer@animationtempa=\count269
\beamer@animationtempb=\count270
\beamer@xpos=\count271
\beamer@ypos=\count272
\beamer@ypos@offset=\count273
\beamer@showpartnumber=\count274
\beamer@currentsubsection=\count275
\beamer@coveringdepth=\count276
\beamer@sectionadjust=\count277
\beamer@toclastsection=\count278
\beamer@tocsectionnumber=\count279

(/data/data/com.termux/files/usr/share/texlive/2024/texmf-dist/tex/latex/beamer
/beamerbaseoptions.sty
(/data/data/com.termux/files/usr/share/texlive/2024/texmf-dist/tex/latex/graphi
cs/keyval.sty
Package: keyval 2022/05/29 v1.15 key=value parser (DPC)
\KV@toks@=\toks17
))
\beamer@paperwidth=\skip49
\beamer@paperheight=\skip50

(/data/data/com.termux/files/usr/share/texlive/2024/texmf-dist/tex/latex/geomet
ry/geometry.sty
Package: geometry 2020/01/02 v5.9 Page Geometry

(/data/data/com.termux/files/usr/share/texlive/2024/texmf-dist/tex/generic/ifte
x/ifvtex.sty
Package: ifvtex 2019/10/25 v1.7 ifvtex legacy package. Use iftex instead.
)
\Gm@cnth=\count280
\Gm@cntv=\count281
\c@Gm@tempcnt=\count282
\Gm@bindingoffset=\dimen156
\Gm@wd@mp=\dimen157
\Gm@odd@mp=\dimen158
\Gm@even@mp=\dimen159
\Gm@layoutwidth=\dimen160
\Gm@layoutheight=\dimen161
\Gm@layouthoffset=\dimen162
\Gm@layoutvoffset=\dimen163
\Gm@dimlist=\toks18
)
(/data/data/com.termux/files/usr/share/texlive/2024/texmf-dist/tex/latex/pgf/ma
th/pgfmath.sty
(/data/data/com.termux/files/usr/share/texlive/2024/texmf-dist/tex/latex/pgf/ut
ilities/pgfrcs.sty
(/data/data/com.termux/files/usr/share/texlive/2024/texmf-dist/tex/generic/pgf/
utilities/pgfutil-common.tex
\pgfutil@everybye=\toks19
\pgfutil@tempdima=\dimen164
\pgfutil@tempdimb=\dimen165
)
(/data/data/com.termux/files/usr/share/texlive/2024/texmf-dist/tex/generic/pgf/
utilities/pgfutil-latex.def
\pgfutil@abb=\box60
)
(/data/data/com.termux/files/usr/share/texlive/2024/texmf-dist/tex/generic/pgf/
utilities/pgfrcs.code.tex
(/data/data/com.termux/files/usr/share/texlive/2024/texmf-dist/tex/generic/pgf/
pgf.revision.tex)
Package: pgfrcs 2023-01-15 v3.1.10 (3.1.10)
))
(/data/data/com.termux/files/usr/share/texlive/2024/texmf-dist/tex/latex/pgf/ut
ilities/pgfkeys.sty
(/data/data/com.termux/files/usr/share/texlive/2024/texmf-dist/tex/generic/pgf/
utilities/pgfkeys.code.tex
\pgfkeys@pathtoks=\toks20
\pgfkeys@temptoks=\toks21

(/data/data/com.termux/files/usr/share/texlive/2024/texmf-dist/tex/generic/pgf/
utilities/pgfkeyslibraryfiltered.code.tex
\pgfkeys@tmptoks=\toks22
)))
(/data/data/com.termux/files/usr/share/texlive/2024/texmf-dist/tex/generic/pgf/
math/pgfmath.code.tex
(/data/data/com.termux/files/usr/share/texlive/2024/texmf-dist/tex/generic/pgf/
math/pgfmathutil.code.tex
\pgf@x=\dimen166
\pgf@xa=\dimen167
\pgf@xb=\dimen168
\pgf@xc=\dimen169
\pgf@y=\dimen170
\pgf@ya=\dimen171
\pgf@yb=\dimen172
\pgf@yc=\dimen173
\c@pgf@counta=\count283
\c@pgf@countb=\count284
\c@pgf@countc=\count285
\c@pgf@countd=\count286
)
(/data/data/com.termux/files/usr/share/texlive/2024/texmf-dist/tex/generic/pgf/
math/pgfmathparser.code.tex
\pgfmath@dimen=\dimen174
\pgfmath@count=\count287
\pgfmath@box=\box61
\pgfmath@toks=\toks23
\pgfmath@stack@operand=\toks24
\pgfmath@stack@operation=\toks25
)
(/data/data/com.termux/files/usr/share/texlive/2024/texmf-dist/tex/generic/pgf/
math/pgfmathfunctions.code.tex)
(/data/data/com.termux/files/usr/share/texlive/2024/texmf-dist/tex/generic/pgf/
math/pgfmathfunctions.basic.code.tex)
(/data/data/com.termux/files/usr/share/texlive/2024/texmf-dist/tex/generic/pgf/
math/pgfmathfunctions.trigonometric.code.tex)
(/data/data/com.termux/files/usr/share/texlive/2024/texmf-dist/tex/generic/pgf/
math/pgfmathfunctions.random.code.tex)
(/data/data/com.termux/files/usr/share/texlive/2024/texmf-dist/tex/generic/pgf/
math/pgfmathfunctions.comparison.code.tex)
(/data/data/com.termux/files/usr/share/texlive/2024/texmf-dist/tex/generic/pgf/
math/pgfmathfunctions.base.code.tex)
(/data/data/com.termux/files/usr/share/texlive/2024/texmf-dist/tex/generic/pgf/
math/pgfmathfunctions.round.code.tex)
(/data/data/com.termux/files/usr/share/texlive/2024/texmf-dist/tex/generic/pgf/
math/pgfmathfunctions.misc.code.tex)
(/data/data/com.termux/files/usr/share/texlive/2024/texmf-dist/tex/generic/pgf/
math/pgfmathfunctions.integerarithmetics.code.tex)
(/data/data/com.termux/files/usr/share/texlive/2024/texmf-dist/tex/generic/pgf/
math/pgfmathcalc.code.tex)
(/data/data/com.termux/files/usr/share/texlive/2024/texmf-dist/tex/generic/pgf/
math/pgfmathfloat.code.tex
\c@pgfmathroundto@lastzeros=\count288
)))
(/data/data/com.termux/files/usr/share/texlive/2024/texmf-dist/tex/latex/base/s
ize11.clo
File: size11.clo 2023/05/17 v1.4n Standard LaTeX file (size option)
)
(/data/data/com.termux/files/usr/share/texlive/2024/texmf-dist/tex/latex/pgf/ba
siclayer/pgfcore.sty
(/data/data/com.termux/files/usr/share/texlive/2024/texmf-dist/tex/latex/graphi
cs/graphicx.sty
Package: graphicx 2021/09/16 v1.2d Enhanced LaTeX Graphics (DPC,SPQR)

(/data/data/com.termux/files/usr/share/texlive/2024/texmf-dist/tex/latex/graphi
cs/graphics.sty
Package: graphics 2022/03/10 v1.4e Standard LaTeX Graphics (DPC,SPQR)

(/data/data/com.termux/files/usr/share/texlive/2024/texmf-dist/tex/latex/graphi
cs/trig.sty
Package: trig 2021/08/11 v1.11 sin cos tan (DPC)
)
(/data/data/com.termux/files/usr/share/texlive/2024/texmf-dist/tex/latex/graphi
cs-cfg/graphics.cfg
File: graphics.cfg 2016/06/04 v1.11 sample graphics configuration
)
Package graphics Info: Driver file: pdftex.def on input line 107.

(/data/data/com.termux/files/usr/share/texlive/2024/texmf-dist/tex/latex/graphi
cs-def/pdftex.def
File: pdftex.def 2022/09/22 v1.2b Graphics/color driver for pdftex
))
\Gin@req@height=\dimen175
\Gin@req@width=\dimen176
)
(/data/data/com.termux/files/usr/share/texlive/2024/texmf-dist/tex/latex/pgf/sy
stemlayer/pgfsys.sty
(/data/data/com.termux/files/usr/share/texlive/2024/texmf-dist/tex/generic/pgf/
systemlayer/pgfsys.code.tex
Package: pgfsys 2023-01-15 v3.1.10 (3.1.10)
\pgf@x=\dimen177
\pgf@y=\dimen178
\pgf@xa=\dimen179
\pgf@ya=\dimen180
\pgf@xb=\dimen181
\pgf@yb=\dimen182
\pgf@xc=\dimen183
\pgf@yc=\dimen184
\pgf@xd=\dimen185
\pgf@yd=\dimen186
\w@pgf@writea=\write3
\r@pgf@reada=\read2
\c@pgf@counta=\count289
\c@pgf@countb=\count290
\c@pgf@countc=\count291
\c@pgf@countd=\count292
\t@pgf@toka=\toks26
\t@pgf@tokb=\toks27
\t@pgf@tokc=\toks28
\pgf@sys@id@count=\count293

(/data/data/com.termux/files/usr/share/texlive/2024/texmf-dist/tex/generic/pgf/
systemlayer/pgf.cfg
File: pgf.cfg 2023-01-15 v3.1.10 (3.1.10)
)
Driver file for pgf: pgfsys-pdftex.def

(/data/data/com.termux/files/usr/share/texlive/2024/texmf-dist/tex/generic/pgf/
systemlayer/pgfsys-pdftex.def
File: pgfsys-pdftex.def 2023-01-15 v3.1.10 (3.1.10)

(/data/data/com.termux/files/usr/share/texlive/2024/texmf-dist/tex/generic/pgf/
systemlayer/pgfsys-common-pdf.def
File: pgfsys-common-pdf.def 2023-01-15 v3.1.10 (3.1.10)
)))
(/data/data/com.termux/files/usr/share/texlive/2024/texmf-dist/tex/generic/pgf/
systemlayer/pgfsyssoftpath.code.tex
File: pgfsyssoftpath.code.tex 2023-01-15 v3.1.10 (3.1.10)
\pgfsyssoftpath@smallbuffer@items=\count294
\pgfsyssoftpath@bigbuffer@items=\count295
)
(/data/data/com.termux/files/usr/share/texlive/2024/texmf-dist/tex/generic/pgf/
systemlayer/pgfsysprotocol.code.tex
File: pgfsysprotocol.code.tex 2023-01-15 v3.1.10 (3.1.10)
))
(/data/data/com.termux/files/usr/share/texlive/2024/texmf-dist/tex/latex/xcolor
/xcolor.sty
Package: xcolor 2023/11/15 v3.01 LaTeX color extensions (UK)

(/data/data/com.termux/files/usr/share/texlive/2024/texmf-dist/tex/latex/graphi
cs-cfg/color.cfg
File: color.cfg 2016/01/02 v1.6 sample color configuration
)
Package xcolor Info: Driver file: pdftex.def on input line 274.

(/data/data/com.termux/files/usr/share/texlive/2024/texmf-dist/tex/latex/graphi
cs/mathcolor.ltx)
Package xcolor Info: Model `cmy' substituted by `cmy0' on input line 1350.
Package xcolor Info: Model `hsb' substituted by `rgb' on input line 1354.
Package xcolor Info: Model `RGB' extended on input line 1366.
Package xcolor Info: Model `HTML' substituted by `rgb' on input line 1368.
Package xcolor Info: Model `Hsb' substituted by `hsb' on input line 1369.
Package xcolor Info: Model `tHsb' substituted by `hsb' on input line 1370.
Package xcolor Info: Model `HSB' substituted by `hsb' on input line 1371.
Package xcolor Info: Model `Gray' substituted by `gray' on input line 1372.
Package xcolor Info: Model `wave' substituted by `hsb' on input line 1373.
)
(/data/data/com.termux/files/usr/share/texlive/2024/texmf-dist/tex/generic/pgf/
basiclayer/pgfcore.code.tex
Package: pgfcore 2023-01-15 v3.1.10 (3.1.10)

(/data/data/com.termux/files/usr/share/texlive/2024/texmf-dist/tex/generic/pgf/
math/pgfint.code.tex)
(/data/data/com.termux/files/usr/share/texlive/2024/texmf-dist/tex/generic/pgf/
basiclayer/pgfcorepoints.code.tex
File: pgfcorepoints.code.tex 2023-01-15 v3.1.10 (3.1.10)
\pgf@picminx=\dimen187
\pgf@picmaxx=\dimen188
\pgf@picminy=\dimen189
\pgf@picmaxy=\dimen190
\pgf@pathminx=\dimen191
\pgf@pathmaxx=\dimen192
\pgf@pathminy=\dimen193
\pgf@pathmaxy=\dimen194
\pgf@xx=\dimen195
\pgf@xy=\dimen196
\pgf@yx=\dimen197
\pgf@yy=\dimen198
\pgf@zx=\dimen199
\pgf@zy=\dimen256
)
(/data/data/com.termux/files/usr/share/texlive/2024/texmf-dist/tex/generic/pgf/
basiclayer/pgfcorepathconstruct.code.tex
File: pgfcorepathconstruct.code.tex 2023-01-15 v3.1.10 (3.1.10)
\pgf@path@lastx=\dimen257
\pgf@path@lasty=\dimen258
)
(/data/data/com.termux/files/usr/share/texlive/2024/texmf-dist/tex/generic/pgf/
basiclayer/pgfcorepathusage.code.tex
File: pgfcorepathusage.code.tex 2023-01-15 v3.1.10 (3.1.10)
\pgf@shorten@end@additional=\dimen259
\pgf@shorten@start@additional=\dimen260
)
(/data/data/com.termux/files/usr/share/texlive/2024/texmf-dist/tex/generic/pgf/
basiclayer/pgfcorescopes.code.tex
File: pgfcorescopes.code.tex 2023-01-15 v3.1.10 (3.1.10)
\pgfpic=\box62
\pgf@hbox=\box63
\pgf@layerbox@main=\box64
\pgf@picture@serial@count=\count296
)
(/data/data/com.termux/files/usr/share/texlive/2024/texmf-dist/tex/generic/pgf/
basiclayer/pgfcoregraphicstate.code.tex
File: pgfcoregraphicstate.code.tex 2023-01-15 v3.1.10 (3.1.10)
\pgflinewidth=\dimen261
)
(/data/data/com.termux/files/usr/share/texlive/2024/texmf-dist/tex/generic/pgf/
basiclayer/pgfcoretransformations.code.tex
File: pgfcoretransformations.code.tex 2023-01-15 v3.1.10 (3.1.10)
\pgf@pt@x=\dimen262
\pgf@pt@y=\dimen263
\pgf@pt@temp=\dimen264
)
(/data/data/com.termux/files/usr/share/texlive/2024/texmf-dist/tex/generic/pgf/
basiclayer/pgfcorequick.code.tex
File: pgfcorequick.code.tex 2023-01-15 v3.1.10 (3.1.10)
)
(/data/data/com.termux/files/usr/share/texlive/2024/texmf-dist/tex/generic/pgf/
basiclayer/pgfcoreobjects.code.tex
File: pgfcoreobjects.code.tex 2023-01-15 v3.1.10 (3.1.10)
)
(/data/data/com.termux/files/usr/share/texlive/2024/texmf-dist/tex/generic/pgf/
basiclayer/pgfcorepathprocessing.code.tex
File: pgfcorepathprocessing.code.tex 2023-01-15 v3.1.10 (3.1.10)
)
(/data/data/com.termux/files/usr/share/texlive/2024/texmf-dist/tex/generic/pgf/
basiclayer/pgfcorearrows.code.tex
File: pgfcorearrows.code.tex 2023-01-15 v3.1.10 (3.1.10)
\pgfarrowsep=\dimen265
)
(/data/data/com.termux/files/usr/share/texlive/2024/texmf-dist/tex/generic/pgf/
basiclayer/pgfcoreshade.code.tex
File: pgfcoreshade.code.tex 2023-01-15 v3.1.10 (3.1.10)
\pgf@max=\dimen266
\pgf@sys@shading@range@num=\count297
\pgf@shadingcount=\count298
)
(/data/data/com.termux/files/usr/share/texlive/2024/texmf-dist/tex/generic/pgf/
basiclayer/pgfcoreimage.code.tex
File: pgfcoreimage.code.tex 2023-01-15 v3.1.10 (3.1.10)
)
(/data/data/com.termux/files/usr/share/texlive/2024/texmf-dist/tex/generic/pgf/
basiclayer/pgfcoreexternal.code.tex
File: pgfcoreexternal.code.tex 2023-01-15 v3.1.10 (3.1.10)
\pgfexternal@startupbox=\box65
)
(/data/data/com.termux/files/usr/share/texlive/2024/texmf-dist/tex/generic/pgf/
basiclayer/pgfcorelayers.code.tex
File: pgfcorelayers.code.tex 2023-01-15 v3.1.10 (3.1.10)
)
(/data/data/com.termux/files/usr/share/texlive/2024/texmf-dist/tex/generic/pgf/
basiclayer/pgfcoretransparency.code.tex
File: pgfcoretransparency.code.tex 2023-01-15 v3.1.10 (3.1.10)
)
(/data/data/com.termux/files/usr/share/texlive/2024/texmf-dist/tex/generic/pgf/
basiclayer/pgfcorepatterns.code.tex
File: pgfcorepatterns.code.tex 2023-01-15 v3.1.10 (3.1.10)
)
(/data/data/com.termux/files/usr/share/texlive/2024/texmf-dist/tex/generic/pgf/
basiclayer/pgfcorerdf.code.tex
File: pgfcorerdf.code.tex 2023-01-15 v3.1.10 (3.1.10)
)))
(/data/data/com.termux/files/usr/share/texlive/2024/texmf-dist/tex/latex/pgf/ut
ilities/xxcolor.sty
Package: xxcolor 2003/10/24 ver 0.1
\XC@nummixins=\count299
\XC@countmixins=\count300
)
(/data/data/com.termux/files/usr/share/texlive/2024/texmf-dist/tex/latex/base/a
tbegshi-ltx.sty
Package: atbegshi-ltx 2021/01/10 v1.0c Emulation of the original atbegshi
package with kernel methods
)
(/data/data/com.termux/files/usr/share/texlive/2024/texmf-dist/tex/latex/hyperr
ef/hyperref.sty
Package: hyperref 2024-01-20 v7.01h Hypertext links for LaTeX

(/data/data/com.termux/files/usr/share/texlive/2024/texmf-dist/tex/latex/kvsetk
eys/kvsetkeys.sty
Package: kvsetkeys 2022-10-05 v1.19 Key value parser (HO)
)
(/data/data/com.termux/files/usr/share/texlive/2024/texmf-dist/tex/generic/kvde
finekeys/kvdefinekeys.sty
Package: kvdefinekeys 2019-12-19 v1.6 Define keys (HO)
)
(/data/data/com.termux/files/usr/share/texlive/2024/texmf-dist/tex/generic/pdfe
scape/pdfescape.sty
Package: pdfescape 2019/12/09 v1.15 Implements pdfTeX's escape features (HO)

(/data/data/com.termux/files/usr/share/texlive/2024/texmf-dist/tex/generic/ltxc
mds/ltxcmds.sty
Package: ltxcmds 2023-12-04 v1.26 LaTeX kernel commands for general use (HO)
)
(/data/data/com.termux/files/usr/share/texlive/2024/texmf-dist/tex/generic/pdft
excmds/pdftexcmds.sty
Package: pdftexcmds 2020-06-27 v0.33 Utility functions of pdfTeX for LuaTeX (HO
)

(/data/data/com.termux/files/usr/share/texlive/2024/texmf-dist/tex/generic/infw
arerr/infwarerr.sty
Package: infwarerr 2019/12/03 v1.5 Providing info/warning/error messages (HO)
)
Package pdftexcmds Info: \pdf@primitive is available.
Package pdftexcmds Info: \pdf@ifprimitive is available.
Package pdftexcmds Info: \pdfdraftmode found.
))
(/data/data/com.termux/files/usr/share/texlive/2024/texmf-dist/tex/latex/hycolo
r/hycolor.sty
Package: hycolor 2020-01-27 v1.10 Color options for hyperref/bookmark (HO)
)
(/data/data/com.termux/files/usr/share/texlive/2024/texmf-dist/tex/latex/auxhoo
k/auxhook.sty
Package: auxhook 2019-12-17 v1.6 Hooks for auxiliary files (HO)
)
(/data/data/com.termux/files/usr/share/texlive/2024/texmf-dist/tex/latex/hyperr
ef/nameref.sty
Package: nameref 2023-11-26 v2.56 Cross-referencing by name of section

(/data/data/com.termux/files/usr/share/texlive/2024/texmf-dist/tex/latex/refcou
nt/refcount.sty
Package: refcount 2019/12/15 v3.6 Data extraction from label references (HO)
)
(/data/data/com.termux/files/usr/share/texlive/2024/texmf-dist/tex/generic/gett
itlestring/gettitlestring.sty
Package: gettitlestring 2019/12/15 v1.6 Cleanup title references (HO)

(/data/data/com.termux/files/usr/share/texlive/2024/texmf-dist/tex/latex/kvopti
ons/kvoptions.sty
Package: kvoptions 2022-06-15 v3.15 Key value format for package options (HO)
))
\c@section@level=\count301
)
\@linkdim=\dimen267
\Hy@linkcounter=\count302
\Hy@pagecounter=\count303

(/data/data/com.termux/files/usr/share/texlive/2024/texmf-dist/tex/latex/hyperr
ef/pd1enc.def
File: pd1enc.def 2024-01-20 v7.01h Hyperref: PDFDocEncoding definition (HO)
Now handling font encoding PD1 ...
... no UTF-8 mapping file for font encoding PD1
)
(/data/data/com.termux/files/usr/share/texlive/2024/texmf-dist/tex/generic/intc
alc/intcalc.sty
Package: intcalc 2019/12/15 v1.3 Expandable calculations with integers (HO)
)
\Hy@SavedSpaceFactor=\count304

(/data/data/com.termux/files/usr/share/texlive/2024/texmf-dist/tex/latex/hyperr
ef/puenc.def
File: puenc.def 2024-01-20 v7.01h Hyperref: PDF Unicode definition (HO)
Now handling font encoding PU ...
... no UTF-8 mapping file for font encoding PU
)
Package hyperref Info: Option `bookmarks' set `true' on input line 4062.
Package hyperref Info: Option `bookmarksopen' set `true' on input line 4062.
Package hyperref Info: Option `implicit' set `false' on input line 4062.
Package hyperref Info: Hyper figures OFF on input line 4179.
Package hyperref Info: Link nesting OFF on input line 4184.
Package hyperref Info: Hyper index ON on input line 4187.
Package hyperref Info: Plain pages OFF on input line 4194.
Package hyperref Info: Backreferencing OFF on input line 4199.
Package hyperref Info: Implicit mode OFF; no redefinition of LaTeX internals.
Package hyperref Info: Bookmarks ON on input line 4446.
\c@Hy@tempcnt=\count305

(/data/data/com.termux/files/usr/share/texlive/2024/texmf-dist/tex/latex/url/ur
l.sty
\Urlmuskip=\muskip16
Package: url 2013/09/16  ver 3.4  Verb mode for urls, etc.
)
LaTeX Info: Redefining \url on input line 4784.
\XeTeXLinkMargin=\dimen268

(/data/data/com.termux/files/usr/share/texlive/2024/texmf-dist/tex/generic/bits
et/bitset.sty
Package: bitset 2019/12/09 v1.3 Handle bit-vector datatype (HO)

(/data/data/com.termux/files/usr/share/texlive/2024/texmf-dist/tex/generic/bigi
ntcalc/bigintcalc.sty
Package: bigintcalc 2019/12/15 v1.5 Expandable calculations on big integers (HO
)
))
\Fld@menulength=\count306
\Field@Width=\dimen269
\Fld@charsize=\dimen270
Package hyperref Info: Hyper figures OFF on input line 6063.
Package hyperref Info: Link nesting OFF on input line 6068.
Package hyperref Info: Hyper index ON on input line 6071.
Package hyperref Info: backreferencing OFF on input line 6078.
Package hyperref Info: Link coloring OFF on input line 6083.
Package hyperref Info: Link coloring with OCG OFF on input line 6088.
Package hyperref Info: PDF/A mode OFF on input line 6093.
\Hy@abspage=\count307


Package hyperref Message: Stopped early.

)
Package hyperref Info: Driver (autodetected): hpdftex.

(/data/data/com.termux/files/usr/share/texlive/2024/texmf-dist/tex/latex/hyperr
ef/hpdftex.def
File: hpdftex.def 2024-01-20 v7.01h Hyperref driver for pdfTeX

(/data/data/com.termux/files/usr/share/texlive/2024/texmf-dist/tex/latex/base/a
tveryend-ltx.sty
Package: atveryend-ltx 2020/08/19 v1.0a Emulation of the original atveryend pac
kage
with kernel methods
)
\Fld@listcount=\count308
\c@bookmark@seq@number=\count309

(/data/data/com.termux/files/usr/share/texlive/2024/texmf-dist/tex/latex/rerunf
ilecheck/rerunfilecheck.sty
Package: rerunfilecheck 2022-07-10 v1.10 Rerun checks for auxiliary files (HO)

(/data/data/com.termux/files/usr/share/texlive/2024/texmf-dist/tex/generic/uniq
uecounter/uniquecounter.sty
Package: uniquecounter 2019/12/15 v1.4 Provide unlimited unique counter (HO)
)
Package uniquecounter Info: New unique counter `rerunfilecheck' on input line 2
85.
))
(/data/data/com.termux/files/usr/share/texlive/2024/texmf-dist/tex/latex/beamer
/beamerbaserequires.sty
(/data/data/com.termux/files/usr/share/texlive/2024/texmf-dist/tex/latex/beamer
/beamerbasecompatibility.sty)
(/data/data/com.termux/files/usr/share/texlive/2024/texmf-dist/tex/latex/beamer
/beamerbasefont.sty
(/data/data/com.termux/files/usr/share/texlive/2024/texmf-dist/tex/latex/amsfon
ts/amssymb.sty
Package: amssymb 2013/01/14 v3.01 AMS font symbols

(/data/data/com.termux/files/usr/share/texlive/2024/texmf-dist/tex/latex/amsfon
ts/amsfonts.sty
Package: amsfonts 2013/01/14 v3.01 Basic AMSFonts support
\@emptytoks=\toks29
\symAMSa=\mathgroup4
\symAMSb=\mathgroup5
LaTeX Font Info:    Redeclaring math symbol \hbar on input line 98.
LaTeX Font Info:    Overwriting math alphabet `\mathfrak' in version `bold'
(Font)                  U/euf/m/n --> U/euf/b/n on input line 106.
))
(/data/data/com.termux/files/usr/share/texlive/2024/texmf-dist/tex/latex/sansma
thaccent/sansmathaccent.sty
Package: sansmathaccent 2020/01/31

(/data/data/com.termux/files/usr/share/texlive/2024/texmf-dist/tex/latex/koma-s
cript/scrlfile.sty
Package: scrlfile 2023/07/07 v3.41 KOMA-Script package (file load hooks)

(/data/data/com.termux/files/usr/share/texlive/2024/texmf-dist/tex/latex/koma-s
cript/scrlfile-hook.sty
Package: scrlfile-hook 2023/07/07 v3.41 KOMA-Script package (using LaTeX hooks)


(/data/data/com.termux/files/usr/share/texlive/2024/texmf-dist/tex/latex/koma-s
cript/scrlogo.sty
Package: scrlogo 2023/07/07 v3.41 KOMA-Script package (logo)
)))))
(/data/data/com.termux/files/usr/share/texlive/2024/texmf-dist/tex/latex/beamer
/beamerbasetranslator.sty
(/data/data/com.termux/files/usr/share/texlive/2024/texmf-dist/tex/latex/transl
ator/translator.sty
Package: translator 2021-05-31 v1.12d Easy translation of strings in LaTeX
))
(/data/data/com.termux/files/usr/share/texlive/2024/texmf-dist/tex/latex/beamer
/beamerbasemisc.sty)
(/data/data/com.termux/files/usr/share/texlive/2024/texmf-dist/tex/latex/beamer
/beamerbasetwoscreens.sty)
(/data/data/com.termux/files/usr/share/texlive/2024/texmf-dist/tex/latex/beamer
/beamerbaseoverlay.sty
\beamer@argscount=\count310
\beamer@lastskipcover=\skip51
\beamer@trivlistdepth=\count311
)
(/data/data/com.termux/files/usr/share/texlive/2024/texmf-dist/tex/latex/beamer
/beamerbasetitle.sty)
(/data/data/com.termux/files/usr/share/texlive/2024/texmf-dist/tex/latex/beamer
/beamerbasesection.sty
\c@lecture=\count312
\c@part=\count313
\c@section=\count314
\c@subsection=\count315
\c@subsubsection=\count316
)
(/data/data/com.termux/files/usr/share/texlive/2024/texmf-dist/tex/latex/beamer
/beamerbaseframe.sty
\beamer@framebox=\box66
\beamer@frametitlebox=\box67
\beamer@zoombox=\box68
\beamer@zoomcount=\count317
\beamer@zoomframecount=\count318
\beamer@frametextheight=\dimen271
\c@subsectionslide=\count319
\beamer@frametopskip=\skip52
\beamer@framebottomskip=\skip53
\beamer@frametopskipautobreak=\skip54
\beamer@framebottomskipautobreak=\skip55
\beamer@envbody=\toks30
\framewidth=\dimen272
\c@framenumber=\count320
)
(/data/data/com.termux/files/usr/share/texlive/2024/texmf-dist/tex/latex/beamer
/beamerbaseverbatim.sty
\beamer@verbatimfileout=\write4
)
(/data/data/com.termux/files/usr/share/texlive/2024/texmf-dist/tex/latex/beamer
/beamerbaseframesize.sty
\beamer@splitbox=\box69
\beamer@autobreakcount=\count321
\beamer@autobreaklastheight=\dimen273
\beamer@frametitletoks=\toks31
\beamer@framesubtitletoks=\toks32
)
(/data/data/com.termux/files/usr/share/texlive/2024/texmf-dist/tex/latex/beamer
/beamerbaseframecomponents.sty
\beamer@footins=\box70
)
(/data/data/com.termux/files/usr/share/texlive/2024/texmf-dist/tex/latex/beamer
/beamerbasecolor.sty)
(/data/data/com.termux/files/usr/share/texlive/2024/texmf-dist/tex/latex/beamer
/beamerbasenotes.sty
\beamer@frameboxcopy=\box71
)
(/data/data/com.termux/files/usr/share/texlive/2024/texmf-dist/tex/latex/beamer
/beamerbasetoc.sty)
(/data/data/com.termux/files/usr/share/texlive/2024/texmf-dist/tex/latex/beamer
/beamerbasetemplates.sty
\beamer@sbttoks=\toks33

(/data/data/com.termux/files/usr/share/texlive/2024/texmf-dist/tex/latex/beamer
/beamerbaseauxtemplates.sty
(/data/data/com.termux/files/usr/share/texlive/2024/texmf-dist/tex/latex/beamer
/beamerbaseboxes.sty
\bmb@box=\box72
\bmb@colorbox=\box73
\bmb@boxwidth=\dimen274
\bmb@boxheight=\dimen275
\bmb@prevheight=\dimen276
\bmb@temp=\dimen277
\bmb@dima=\dimen278
\bmb@dimb=\dimen279
\bmb@prevheight=\dimen280
)
\beamer@blockheadheight=\dimen281
))
(/data/data/com.termux/files/usr/share/texlive/2024/texmf-dist/tex/latex/beamer
/beamerbaselocalstructure.sty
(/data/data/com.termux/files/usr/share/texlive/2024/texmf-dist/tex/latex/tools/
enumerate.sty
Package: enumerate 2023/07/04 v3.00 enumerate extensions (DPC)
\@enLab=\toks34
)
\beamer@bibiconwidth=\skip56
\c@figure=\count322
\c@table=\count323
\abovecaptionskip=\skip57
\belowcaptionskip=\skip58
)
(/data/data/com.termux/files/usr/share/texlive/2024/texmf-dist/tex/latex/beamer
/beamerbasenavigation.sty
(/data/data/com.termux/files/usr/share/texlive/2024/texmf-dist/tex/latex/beamer
/beamerbasenavigationsymbols.tex)
\beamer@section@min@dim=\dimen282
)
(/data/data/com.termux/files/usr/share/texlive/2024/texmf-dist/tex/latex/beamer
/beamerbasetheorems.sty
(/data/data/com.termux/files/usr/share/texlive/2024/texmf-dist/tex/latex/amsmat
h/amsmath.sty
Package: amsmath 2023/05/13 v2.17o AMS math features
\@mathmargin=\skip59

For additional information on amsmath, use the `?' option.

(/data/data/com.termux/files/usr/share/texlive/2024/texmf-dist/tex/latex/amsmat
h/amstext.sty
Package: amstext 2021/08/26 v2.01 AMS text

(/data/data/com.termux/files/usr/share/texlive/2024/texmf-dist/tex/latex/amsmat
h/amsgen.sty
File: amsgen.sty 1999/11/30 v2.0 generic functions
\@emptytoks=\toks35
\ex@=\dimen283
))
(/data/data/com.termux/files/usr/share/texlive/2024/texmf-dist/tex/latex/amsmat
h/amsbsy.sty
Package: amsbsy 1999/11/29 v1.2d Bold Symbols
\pmbraise@=\dimen284
)
(/data/data/com.termux/files/usr/share/texlive/2024/texmf-dist/tex/latex/amsmat
h/amsopn.sty
Package: amsopn 2022/04/08 v2.04 operator names
)
\inf@bad=\count324
LaTeX Info: Redefining \frac on input line 234.
\uproot@=\count325
\leftroot@=\count326
LaTeX Info: Redefining \overline on input line 399.
LaTeX Info: Redefining \colon on input line 410.
\classnum@=\count327
\DOTSCASE@=\count328
LaTeX Info: Redefining \ldots on input line 496.
LaTeX Info: Redefining \dots on input line 499.
LaTeX Info: Redefining \cdots on input line 620.
\Mathstrutbox@=\box74
\strutbox@=\box75
LaTeX Info: Redefining \big on input line 722.
LaTeX Info: Redefining \Big on input line 723.
LaTeX Info: Redefining \bigg on input line 724.
LaTeX Info: Redefining \Bigg on input line 725.
\big@size=\dimen285
LaTeX Font Info:    Redeclaring font encoding OML on input line 743.
LaTeX Font Info:    Redeclaring font encoding OMS on input line 744.
\macc@depth=\count329
LaTeX Info: Redefining \bmod on input line 905.
LaTeX Info: Redefining \pmod on input line 910.
LaTeX Info: Redefining \smash on input line 940.
LaTeX Info: Redefining \relbar on input line 970.
LaTeX Info: Redefining \Relbar on input line 971.
\c@MaxMatrixCols=\count330
\dotsspace@=\muskip17
\c@parentequation=\count331
\dspbrk@lvl=\count332
\tag@help=\toks36
\row@=\count333
\column@=\count334
\maxfields@=\count335
\andhelp@=\toks37
\eqnshift@=\dimen286
\alignsep@=\dimen287
\tagshift@=\dimen288
\tagwidth@=\dimen289
\totwidth@=\dimen290
\lineht@=\dimen291
\@envbody=\toks38
\multlinegap=\skip60
\multlinetaggap=\skip61
\mathdisplay@stack=\toks39
LaTeX Info: Redefining \[ on input line 2953.
LaTeX Info: Redefining \] on input line 2954.
)
(/data/data/com.termux/files/usr/share/texlive/2024/texmf-dist/tex/latex/amscls
/amsthm.sty
Package: amsthm 2020/05/29 v2.20.6
\thm@style=\toks40
\thm@bodyfont=\toks41
\thm@headfont=\toks42
\thm@notefont=\toks43
\thm@headpunct=\toks44
\thm@preskip=\skip62
\thm@postskip=\skip63
\thm@headsep=\skip64
\dth@everypar=\toks45
)
\c@theorem=\count336
)
(/data/data/com.termux/files/usr/share/texlive/2024/texmf-dist/tex/latex/beamer
/beamerbasethemes.sty))
(/data/data/com.termux/files/usr/share/texlive/2024/texmf-dist/tex/latex/beamer
/beamerthemedefault.sty
(/data/data/com.termux/files/usr/share/texlive/2024/texmf-dist/tex/latex/beamer
/beamerfontthemedefault.sty)
(/data/data/com.termux/files/usr/share/texlive/2024/texmf-dist/tex/latex/beamer
/beamercolorthemedefault.sty)
(/data/data/com.termux/files/usr/share/texlive/2024/texmf-dist/tex/latex/beamer
/beamerinnerthemedefault.sty
\beamer@dima=\dimen292
\beamer@dimb=\dimen293
)
(/data/data/com.termux/files/usr/share/texlive/2024/texmf-dist/tex/latex/beamer
/beamerouterthemedefault.sty)))
\sympureletters=\mathgroup6
LaTeX Font Info:    Overwriting symbol font `pureletters' in version `bold'
(Font)                  OT1/mathkerncmss/m/sl --> OT1/mathkerncmss/bx/sl on inp
ut line 7.

(/data/data/com.termux/files/usr/share/texlive/2024/texmf-dist/tex/latex/tools/
bm.sty
Package: bm 2023/07/08 v1.2f Bold Symbol Support (DPC/FMi)
\symboldoperators=\mathgroup7
\symboldletters=\mathgroup8
\symboldsymbols=\mathgroup9
Package bm Info: No bold for \OMX/cmex/m/n, using \pmb.
Package bm Info: No bold for \U/msa/m/n, using \pmb.
Package bm Info: No bold for \U/msb/m/n, using \pmb.
\symboldpureletters=\mathgroup10
LaTeX Font Info:    Redeclaring math alphabet \mathbf on input line 149.
)
(/data/data/com.termux/files/usr/share/texlive/2024/texmf-dist/tex/latex/adjust
box/adjustbox.sty
Package: adjustbox 2022/10/17 v1.3a Adjusting TeX boxes (trim, clip, ...)

(/data/data/com.termux/files/usr/share/texlive/2024/texmf-dist/tex/latex/xkeyva
l/xkeyval.sty
Package: xkeyval 2022/06/16 v2.9 package option processing (HA)

(/data/data/com.termux/files/usr/share/texlive/2024/texmf-dist/tex/generic/xkey
val/xkeyval.tex
(/data/data/com.termux/files/usr/share/texlive/2024/texmf-dist/tex/generic/xkey
val/xkvutils.tex
\XKV@toks=\toks46
\XKV@tempa@toks=\toks47
)
\XKV@depth=\count337
File: xkeyval.tex 2014/12/03 v2.7a key=value parser (HA)
))
(/data/data/com.termux/files/usr/share/texlive/2024/texmf-dist/tex/latex/adjust
box/adjcalc.sty
Package: adjcalc 2012/05/16 v1.1 Provides advanced setlength with multiple back
-ends (calc, etex, pgfmath)
)
(/data/data/com.termux/files/usr/share/texlive/2024/texmf-dist/tex/latex/adjust
box/trimclip.sty
Package: trimclip 2020/08/19 v1.2 Trim and clip general TeX material

(/data/data/com.termux/files/usr/share/texlive/2024/texmf-dist/tex/latex/collec
tbox/collectbox.sty
Package: collectbox 2022/10/17 v0.4c Collect macro arguments as boxes
\collectedbox=\box76
)
\tc@llx=\dimen294
\tc@lly=\dimen295
\tc@urx=\dimen296
\tc@ury=\dimen297
Package trimclip Info: Using driver 'tc-pdftex.def'.

(/data/data/com.termux/files/usr/share/texlive/2024/texmf-dist/tex/latex/adjust
box/tc-pdftex.def
File: tc-pdftex.def 2019/01/04 v2.2 Clipping driver for pdftex
))
\adjbox@Width=\dimen298
\adjbox@Height=\dimen299
\adjbox@Depth=\dimen300
\adjbox@Totalheight=\dimen301
\adjbox@pwidth=\dimen302
\adjbox@pheight=\dimen303
\adjbox@pdepth=\dimen304
\adjbox@ptotalheight=\dimen305

(/data/data/com.termux/files/usr/share/texlive/2024/texmf-dist/tex/latex/ifoddp
age/ifoddpage.sty
Package: ifoddpage 2022/10/18 v1.2 Conditionals for odd/even page detection
\c@checkoddpage=\count338
)
(/data/data/com.termux/files/usr/share/texlive/2024/texmf-dist/tex/latex/varwid
th/varwidth.sty
Package: varwidth 2009/03/30 ver 0.92;  Variable-width minipages
\@vwid@box=\box77
\sift@deathcycles=\count339
\@vwid@loff=\dimen306
\@vwid@roff=\dimen307
))
(/data/data/com.termux/files/usr/share/texlive/2024/texmf-dist/tex/latex/captio
n/subcaption.sty
Package: subcaption 2023/07/28 v1.6b Sub-captions (AR)

(/data/data/com.termux/files/usr/share/texlive/2024/texmf-dist/tex/latex/captio
n/caption.sty
Package: caption 2023/08/05 v3.6o Customizing captions (AR)

(/data/data/com.termux/files/usr/share/texlive/2024/texmf-dist/tex/latex/captio
n/caption3.sty
Package: caption3 2023/07/31 v2.4d caption3 kernel (AR)
\caption@tempdima=\dimen308
\captionmargin=\dimen309
\caption@leftmargin=\dimen310
\caption@rightmargin=\dimen311
\caption@width=\dimen312
\caption@indent=\dimen313
\caption@parindent=\dimen314
\caption@hangindent=\dimen315
Package caption Info: beamer document class detected.

(/data/data/com.termux/files/usr/share/texlive/2024/texmf-dist/tex/latex/captio
n/caption-beamer.sto
File: caption-beamer.sto 2022/01/06 v2.0c Adaption of the caption package to th
e beamer document classes (AR)
))
\c@caption@flags=\count340
\c@continuedfloat=\count341
Package caption Info: hyperref package is loaded.
Package caption Info: Hyperref support is turned off
(caption)             because hyperref has stopped early.
)
Package caption Info: New subtype `subfigure' on input line 238.
\c@subfigure=\count342
Package caption Info: New subtype `subtable' on input line 238.
\c@subtable=\count343
)
(/data/data/com.termux/files/usr/share/texlive/2024/texmf-dist/tex/latex/tools/
multicol.sty
Package: multicol 2023/03/30 v1.9f multicolumn formatting (FMi)
\c@tracingmulticols=\count344
\mult@box=\box78
\multicol@leftmargin=\dimen316
\c@unbalance=\count345
\c@collectmore=\count346
\doublecol@number=\count347
\multicoltolerance=\count348
\multicolpretolerance=\count349
\full@width=\dimen317
\page@free=\dimen318
\premulticols=\dimen319
\postmulticols=\dimen320
\multicolsep=\skip65
\multicolbaselineskip=\skip66
\partial@page=\box79
\last@line=\box80
\mc@boxedresult=\box81
\maxbalancingoverflow=\dimen321
\mult@rightbox=\box82
\mult@grightbox=\box83
\mult@firstbox=\box84
\mult@gfirstbox=\box85
\@tempa=\box86
\@tempa=\box87
\@tempa=\box88
\@tempa=\box89
\@tempa=\box90
\@tempa=\box91
\@tempa=\box92
\@tempa=\box93
\@tempa=\box94
\@tempa=\box95
\@tempa=\box96
\@tempa=\box97
\@tempa=\box98
\@tempa=\box99
\@tempa=\box100
\@tempa=\box101
\@tempa=\box102
\@tempa=\box103
\@tempa=\box104
\@tempa=\box105
\@tempa=\box106
\@tempa=\box107
\@tempa=\box108
\@tempa=\box109
\@tempa=\box110
\@tempa=\box111
\@tempa=\box112
\@tempa=\box113
\@tempa=\box114
\@tempa=\box115
\@tempa=\box116
\@tempa=\box117
\@tempa=\box118
\@tempa=\box119
\@tempa=\box120
\@tempa=\box121
\c@minrows=\count350
\c@columnbadness=\count351
\c@finalcolumnbadness=\count352
\last@try=\dimen322
\multicolovershoot=\dimen323
\multicolundershoot=\dimen324
\mult@nat@firstbox=\box122
\colbreak@box=\box123
\mc@col@check@num=\count353
)
(/data/data/com.termux/files/usr/share/texlive/2024/texmf-dist/tex/latex/mathto
ols/mathtools.sty
Package: mathtools 2024/03/11 v1.30 mathematical typesetting tools

(/data/data/com.termux/files/usr/share/texlive/2024/texmf-dist/tex/latex/tools/
calc.sty
Package: calc 2023/07/08 v4.3 Infix arithmetic (KKT,FJ)
\calc@Acount=\count354
\calc@Bcount=\count355
\calc@Adimen=\dimen325
\calc@Bdimen=\dimen326
\calc@Askip=\skip67
\calc@Bskip=\skip68
LaTeX Info: Redefining \setlength on input line 80.
LaTeX Info: Redefining \addtolength on input line 81.
\calc@Ccount=\count356
\calc@Cskip=\skip69
)
(/data/data/com.termux/files/usr/share/texlive/2024/texmf-dist/tex/latex/mathto
ols/mhsetup.sty
Package: mhsetup 2021/03/18 v1.4 programming setup (MH)
)
\g_MT_multlinerow_int=\count357
\l_MT_multwidth_dim=\dimen327
\origjot=\skip70
\l_MT_shortvdotswithinadjustabove_dim=\dimen328
\l_MT_shortvdotswithinadjustbelow_dim=\dimen329
\l_MT_above_intertext_sep=\dimen330
\l_MT_below_intertext_sep=\dimen331
\l_MT_above_shortintertext_sep=\dimen332
\l_MT_below_shortintertext_sep=\dimen333
\xmathstrut@box=\box124
\xmathstrut@dim=\dimen334
)
(/data/data/com.termux/files/usr/share/texlive/2024/texmf-dist/tex/latex/listin
gs/listings.sty
\lst@mode=\count358
\lst@gtempboxa=\box125
\lst@token=\toks48
\lst@length=\count359
\lst@currlwidth=\dimen335
\lst@column=\count360
\lst@pos=\count361
\lst@lostspace=\dimen336
\lst@width=\dimen337
\lst@newlines=\count362
\lst@lineno=\count363
\lst@maxwidth=\dimen338

(/data/data/com.termux/files/usr/share/texlive/2024/texmf-dist/tex/latex/listin
gs/lstpatch.sty
File: lstpatch.sty 2024/03/11 1.10a (Carsten Heinz)
)
(/data/data/com.termux/files/usr/share/texlive/2024/texmf-dist/tex/latex/listin
gs/lstmisc.sty
File: lstmisc.sty 2024/03/11 1.10a (Carsten Heinz)
\c@lstnumber=\count364
\lst@skipnumbers=\count365
\lst@framebox=\box126
)
(/data/data/com.termux/files/usr/share/texlive/2024/texmf-dist/tex/latex/listin
gs/listings.cfg
File: listings.cfg 2024/03/11 1.10a listings configuration
))
Package: listings 2024/03/11 1.10a (Carsten Heinz)

(/data/data/com.termux/files/usr/share/texlive/2024/texmf-dist/tex/latex/beamer
/beamerthemeBoadilla.sty
(/data/data/com.termux/files/usr/share/texlive/2024/texmf-dist/tex/latex/beamer
/beamercolorthemerose.sty)
(/data/data/com.termux/files/usr/share/texlive/2024/texmf-dist/tex/latex/beamer
/beamerinnerthemerounded.sty)
(/data/data/com.termux/files/usr/share/texlive/2024/texmf-dist/tex/latex/beamer
/beamercolorthemedolphin.sty)
(/data/data/com.termux/files/usr/share/texlive/2024/texmf-dist/tex/latex/beamer
/beamerouterthemeinfolines.sty))
(/data/data/com.termux/files/usr/share/texlive/2024/texmf-dist/tex/latex/beamer
/beamercolorthemelily.sty)
\c@rem=\count366


Package hyperref Warning: Token not allowed in a PDF string (Unicode):
(hyperref)                removing `\\' on input line 76.


Package hyperref Warning: Token not allowed in a PDF string (Unicode):
(hyperref)                removing `\\' on input line 76.


(/data/data/com.termux/files/usr/share/texlive/2024/texmf-dist/tex/latex/l3back
end/l3backend-pdftex.def
File: l3backend-pdftex.def 2024-03-14 L3 backend support: PDF output (pdfTeX)
\l__color_backend_stack_int=\count367
\l__pdf_internal_box=\box127
) (./main.aux)
\openout1 = `main.aux'.

LaTeX Font Info:    Checking defaults for OML/cmm/m/it on input line 79.
LaTeX Font Info:    ... okay on input line 79.
LaTeX Font Info:    Checking defaults for OMS/cmsy/m/n on input line 79.
LaTeX Font Info:    ... okay on input line 79.
LaTeX Font Info:    Checking defaults for OT1/cmr/m/n on input line 79.
LaTeX Font Info:    ... okay on input line 79.
LaTeX Font Info:    Checking defaults for T1/cmr/m/n on input line 79.
LaTeX Font Info:    ... okay on input line 79.
LaTeX Font Info:    Checking defaults for TS1/cmr/m/n on input line 79.
LaTeX Font Info:    ... okay on input line 79.
LaTeX Font Info:    Checking defaults for OMX/cmex/m/n on input line 79.
LaTeX Font Info:    ... okay on input line 79.
LaTeX Font Info:    Checking defaults for U/cmr/m/n on input line 79.
LaTeX Font Info:    ... okay on input line 79.
LaTeX Font Info:    Checking defaults for PD1/pdf/m/n on input line 79.
LaTeX Font Info:    ... okay on input line 79.
LaTeX Font Info:    Checking defaults for PU/pdf/m/n on input line 79.
LaTeX Font Info:    ... okay on input line 79.

*geometry* driver: auto-detecting
*geometry* detected driver: pdftex
*geometry* verbose mode - [ preamble ] result:
* driver: pdftex
* paper: custom
* layout: <same size as paper>
* layoutoffset:(h,v)=(0.0pt,0.0pt)
* modes: includehead includefoot 
* h-part:(L,W,R)=(10.95003pt, 342.2953pt, 10.95003pt)
* v-part:(T,H,B)=(0.0pt, 273.14662pt, 0.0pt)
* \paperwidth=364.19536pt
* \paperheight=273.14662pt
* \textwidth=342.2953pt
* \textheight=244.6939pt
* \oddsidemargin=-61.31996pt
* \evensidemargin=-61.31996pt
* \topmargin=-72.26999pt
* \headheight=14.22636pt
* \headsep=0.0pt
* \topskip=11.0pt
* \footskip=14.22636pt
* \marginparwidth=4.0pt
* \marginparsep=10.0pt
* \columnsep=10.0pt
* \skip\footins=10.0pt plus 4.0pt minus 2.0pt
* \hoffset=0.0pt
* \voffset=0.0pt
* \mag=1000
* \@twocolumnfalse
* \@twosidefalse
* \@mparswitchfalse
* \@reversemarginfalse
* (1in=72.27pt=25.4mm, 1cm=28.453pt)


(/data/data/com.termux/files/usr/share/texlive/2024/texmf-dist/tex/context/base
/mkii/supp-pdf.mkii
[Loading MPS to PDF converter (version 2006.09.02).]
\scratchcounter=\count368
\scratchdimen=\dimen339
\scratchbox=\box128
\nofMPsegments=\count369
\nofMParguments=\count370
\everyMPshowfont=\toks49
\MPscratchCnt=\count371
\MPscratchDim=\dimen340
\MPnumerator=\count372
\makeMPintoPDFobject=\count373
\everyMPtoPDFconversion=\toks50
)
(/data/data/com.termux/files/usr/share/texlive/2024/texmf-dist/tex/latex/epstop
df-pkg/epstopdf-base.sty
Package: epstopdf-base 2020-01-24 v2.11 Base part for package epstopdf
Package epstopdf-base Info: Redefining graphics rule for `.eps' on input line 4
85.

(/data/data/com.termux/files/usr/share/texlive/2024/texmf-dist/tex/latex/latexc
onfig/epstopdf-sys.cfg
File: epstopdf-sys.cfg 2010/07/13 v1.3 Configuration of (r)epstopdf for TeX Liv
e
))
Package hyperref Info: Link coloring OFF on input line 79.
 (./main.out) (./main.out)
\@outlinefile=\write5
\openout5 = `main.out'.

LaTeX Font Info:    Overwriting symbol font `operators' in version `normal'
(Font)                  OT1/cmr/m/n --> OT1/cmss/m/n on input line 79.
LaTeX Font Info:    Overwriting symbol font `operators' in version `bold'
(Font)                  OT1/cmr/bx/n --> OT1/cmss/b/n on input line 79.
\symnumbers=\mathgroup11
LaTeX Font Info:    Redeclaring symbol font `pureletters' on input line 79.
LaTeX Font Info:    Overwriting symbol font `pureletters' in version `normal'
(Font)                  OT1/mathkerncmss/m/sl --> OT1/cmss/m/it on input line 7
9.
LaTeX Font Info:    Overwriting symbol font `pureletters' in version `bold'
(Font)                  OT1/mathkerncmss/bx/sl --> OT1/cmss/m/it on input line 
79.
LaTeX Font Info:    Overwriting math alphabet `\mathrm' in version `normal'
(Font)                  OT1/cmss/m/n --> OT1/cmr/m/n on input line 79.
LaTeX Font Info:    Redeclaring math alphabet \mathbf on input line 79.
LaTeX Font Info:    Redeclaring math alphabet \mathsf on input line 79.
LaTeX Font Info:    Overwriting math alphabet `\mathsf' in version `normal'
(Font)                  OT1/cmss/m/n --> OT1/cmss/m/n on input line 79.
LaTeX Font Info:    Overwriting math alphabet `\mathsf' in version `bold'
(Font)                  OT1/cmss/bx/n --> OT1/cmss/m/n on input line 79.
LaTeX Font Info:    Redeclaring math alphabet \mathit on input line 79.
LaTeX Font Info:    Overwriting math alphabet `\mathit' in version `normal'
(Font)                  OT1/cmr/m/it --> OT1/cmss/m/it on input line 79.
LaTeX Font Info:    Overwriting math alphabet `\mathit' in version `bold'
(Font)                  OT1/cmr/bx/it --> OT1/cmss/m/it on input line 79.
LaTeX Font Info:    Redeclaring math alphabet \mathtt on input line 79.
LaTeX Font Info:    Overwriting math alphabet `\mathtt' in version `normal'
(Font)                  OT1/cmtt/m/n --> OT1/cmtt/m/n on input line 79.
LaTeX Font Info:    Overwriting math alphabet `\mathtt' in version `bold'
(Font)                  OT1/cmtt/m/n --> OT1/cmtt/m/n on input line 79.
LaTeX Font Info:    Overwriting symbol font `numbers' in version `bold'
(Font)                  OT1/cmss/m/n --> OT1/cmss/b/n on input line 79.
LaTeX Font Info:    Overwriting symbol font `pureletters' in version `bold'
(Font)                  OT1/cmss/m/it --> OT1/cmss/b/it on input line 79.
LaTeX Font Info:    Overwriting math alphabet `\mathrm' in version `bold'
(Font)                  OT1/cmss/b/n --> OT1/cmr/b/n on input line 79.
LaTeX Font Info:    Overwriting math alphabet `\mathbf' in version `bold'
(Font)                  OT1/cmss/b/n --> OT1/cmss/b/n on input line 79.
LaTeX Font Info:    Overwriting math alphabet `\mathsf' in version `bold'
(Font)                  OT1/cmss/m/n --> OT1/cmss/b/n on input line 79.
LaTeX Font Info:    Overwriting math alphabet `\mathit' in version `bold'
(Font)                  OT1/cmss/m/it --> OT1/cmss/b/it on input line 79.
LaTeX Font Info:    Overwriting math alphabet `\mathtt' in version `bold'
(Font)                  OT1/cmtt/m/n --> OT1/cmtt/b/n on input line 79.
LaTeX Font Info:    Redeclaring symbol font `pureletters' on input line 79.
LaTeX Font Info:    Overwriting symbol font `pureletters' in version `normal'
(Font)                  OT1/cmss/m/it --> OT1/mathkerncmss/m/sl on input line 7
9.
LaTeX Font Info:    Overwriting symbol font `pureletters' in version `bold'
(Font)                  OT1/cmss/b/it --> OT1/mathkerncmss/m/sl on input line 7
9.
LaTeX Font Info:    Overwriting symbol font `pureletters' in version `bold'
(Font)                  OT1/mathkerncmss/m/sl --> OT1/mathkerncmss/bx/sl on inp
ut line 79.

(/data/data/com.termux/files/usr/share/texlive/2024/texmf-dist/tex/latex/transl
ator/translator-basic-dictionary-English.dict
Dictionary: translator-basic-dictionary, Language: English 
)
(/data/data/com.termux/files/usr/share/texlive/2024/texmf-dist/tex/latex/transl
ator/translator-bibliography-dictionary-English.dict
Dictionary: translator-bibliography-dictionary, Language: English 
)
(/data/data/com.termux/files/usr/share/texlive/2024/texmf-dist/tex/latex/transl
ator/translator-environment-dictionary-English.dict
Dictionary: translator-environment-dictionary, Language: English 
)
(/data/data/com.termux/files/usr/share/texlive/2024/texmf-dist/tex/latex/transl
ator/translator-months-dictionary-English.dict
Dictionary: translator-months-dictionary, Language: English 
)
(/data/data/com.termux/files/usr/share/texlive/2024/texmf-dist/tex/latex/transl
ator/translator-numbers-dictionary-English.dict
Dictionary: translator-numbers-dictionary, Language: English 
)
(/data/data/com.termux/files/usr/share/texlive/2024/texmf-dist/tex/latex/transl
ator/translator-theorem-dictionary-English.dict
Dictionary: translator-theorem-dictionary, Language: English 
)
Package caption Info: Begin \AtBeginDocument code.
Package caption Info: listings package is loaded.
Package caption Info: End \AtBeginDocument code.
\c@lstlisting=\count374
 (./main.nav) [1

{/data/data/com.termux/files/usr/share/texlive/2024/texmf-var/fonts/map/pdftex/
updmap/pdftex.map}] (./main.toc) [2

]
LaTeX Font Info:    Trying to load font information for U+msa on input line 99.


(/data/data/com.termux/files/usr/share/texlive/2024/texmf-dist/tex/latex/amsfon
ts/umsa.fd
File: umsa.fd 2013/01/14 v3.01 AMS symbols A
)
LaTeX Font Info:    Trying to load font information for U+msb on input line 99.


(/data/data/com.termux/files/usr/share/texlive/2024/texmf-dist/tex/latex/amsfon
ts/umsb.fd
File: umsb.fd 2013/01/14 v3.01 AMS symbols B
)
LaTeX Font Info:    Trying to load font information for OT1+mathkerncmss on inp
ut line 99.

(/data/data/com.termux/files/usr/share/texlive/2024/texmf-dist/tex/latex/sansma
thaccent/ot1mathkerncmss.fd
File: ot1mathkerncmss.fd 2020/01/31 Fontinst v1.933 font definitions for OT1/ma
thkerncmss.
) [3

]
LaTeX Font Info:    Font shape `OT1/cmss/b/n' in size <10.95> not available
(Font)              Font shape `OT1/cmss/bx/n' tried instead on input line 138.

LaTeX Font Info:    Font shape `OT1/cmss/b/n' in size <8> not available
(Font)              Font shape `OT1/cmss/bx/n' tried instead on input line 138.

LaTeX Font Info:    Font shape `OT1/cmss/b/n' in size <6> not available
(Font)              Font shape `OT1/cmss/bx/n' tried instead on input line 138.

 [4

] [5

] [6

] [7

] [8

] [9

] [10

] [11

] [12

]
[13

] [14

] [15

] [16

] [17

] [18

] [19

] [20

] [21

] [22

] [23

] [24

] [25

] [26

] [27

]
[28

] [29

] [30

] [31

] [32

] [33

] [34

] [35

] [36

] [37

]
<../chapters/12/11/2/16/lsq/figs/skew.png, id=291, 462.528pt x 346.896pt>
File: ../chapters/12/11/2/16/lsq/figs/skew.png Graphic file (type png)
<use ../chapters/12/11/2/16/lsq/figs/skew.png>
Package pdftex.def Info: ../chapters/12/11/2/16/lsq/figs/skew.png  used on inpu
t line 843.
(pdftex.def)             Requested size: 171.14764pt x 128.36009pt.
 [38

 <../chapters/12/11/2/16/lsq/figs/skew.png>] [39

] [40

] [41

] [42

] [43

] [44

] [45

] [46

] [47

] [48

] [49

]
[50

] [51

] [52

] [53

]
\tf@nav=\write6
\openout6 = `main.nav'.

\tf@toc=\write7
\openout7 = `main.toc'.

\tf@snm=\write8
\openout8 = `main.snm'.

 (./main.aux)
 ***********
LaTeX2e <2023-11-01> patch level 1
L3 programming layer <2024-03-14>
 ***********
Package rerunfilecheck Info: File `main.out' has not changed.
(rerunfilecheck)             Checksum: AA6720C12D332055A94AB2533840DEC0;318.
 ) 
Here is how much of TeX's memory you used:
 26748 strings out of 474104
 518693 string characters out of 5729886
 1947493 words of memory out of 5000000
 48422 multiletter control sequences out of 15000+600000
 571295 words of font info for 77 fonts, out of 8000000 for 9000
 1141 hyphenation exceptions out of 8191
 128i,24n,131p,398b,664s stack positions out of 10000i,1000n,20000p,200000b,200000s
</data/data/com.termux/files/usr/share/texlive/2024/texmf-dist/fonts/type1/pu
blic/amsfonts/cm/cmex10.pfb></data/data/com.termux/files/usr/share/texlive/2024
/texmf-dist/fonts/type1/public/amsfonts/cmextra/cmex8.pfb></data/data/com.termu
x/files/usr/share/texlive/2024/texmf-dist/fonts/type1/public/amsfonts/cm/cmmi10
.pfb></data/data/com.termux/files/usr/share/texlive/2024/texmf-dist/fonts/type1
/public/amsfonts/cm/cmmi8.pfb></data/data/com.termux/files/usr/share/texlive/20
24/texmf-dist/fonts/type1/public/amsfonts/cm/cmmib10.pfb></data/data/com.termux
/files/usr/share/texlive/2024/texmf-dist/fonts/type1/public/amsfonts/cm/cmss10.
pfb></data/data/com.termux/files/usr/share/texlive/2024/texmf-dist/fonts/type1/
public/amsfonts/cm/cmss12.pfb></data/data/com.termux/files/usr/share/texlive/20
24/texmf-dist/fonts/type1/public/amsfonts/cm/cmss8.pfb></data/data/com.termux/f
iles/usr/share/texlive/2024/texmf-dist/fonts/type1/public/amsfonts/cm/cmssbx10.
pfb></data/data/com.termux/files/usr/share/texlive/2024/texmf-dist/fonts/type1/
public/amsfonts/cm/cmssi10.pfb></data/data/com.termux/files/usr/share/texlive/2
024/texmf-dist/fonts/type1/public/amsfonts/cm/cmssi8.pfb></data/data/com.termux
/files/usr/share/texlive/2024/texmf-dist/fonts/type1/public/amsfonts/cm/cmsy10.
pfb></data/data/com.termux/files/usr/share/texlive/2024/texmf-dist/fonts/type1/
public/amsfonts/cm/cmsy6.pfb></data/data/com.termux/files/usr/share/texlive/202
4/texmf-dist/fonts/type1/public/amsfonts/cm/cmsy8.pfb></data/data/com.termux/fi
les/usr/share/texlive/2024/texmf-dist/fonts/type1/public/amsfonts/symbols/msam1
0.pfb>
Output written on main.pdf (53 pages, 904128 bytes).
PDF statistics:
 552 PDF objects out of 1000 (max. 8388607)
 427 compressed objects within 5 object streams
 159 named destinations out of 1000 (max. 500000)
 92 words of extra memory for PDF output out of 10000 (max. 10000000)

